<?xml version="1.0" encoding="UTF-8"?>
<testsuite name="com.bridgelabz.restassured.RestAssuredSpotify" tests="6" skipped="0" failures="0" errors="0" timestamp="2021-04-29T03:09:30" hostname="LAPTOP-VA1S61KV" time="9.896">
  <properties/>
  <testcase name="addItem_POST_REQUEST" classname="com.bridgelabz.restassured.RestAssuredSpotify" time="4.205"/>
  <testcase name="createNewPlaylist_POST_REQUEST" classname="com.bridgelabz.restassured.RestAssuredSpotify" time="2.001"/>
  <testcase name="getCurrentUsersProfile_GET_REQUEST" classname="com.bridgelabz.restassured.RestAssuredSpotify" time="0.719"/>
  <testcase name="getUserProfile_GET_REQUEST" classname="com.bridgelabz.restassured.RestAssuredSpotify" time="0.843"/>
  <testcase name="searchItems_GET_REQUEST" classname="com.bridgelabz.restassured.RestAssuredSpotify" time="0.795"/>
  <testcase name="userPlaylist_POST_REQUEST" classname="com.bridgelabz.restassured.RestAssuredSpotify" time="1.333"/>
  <system-out><![CDATA[{
    "snapshot_id": "OCw1N2Q1Y2FmYjA1Yzc1NDZkOWYwODI3OWU4NzcxNTk4ZTJlNTY4ZTg5"
}
{
    "collaborative": false,
    "description": "Bollywood songs",
    "external_urls": {
        "spotify": "https://open.spotify.com/playlist/6Nnx31FBnysgJ7lGoEjljG"
    },
    "followers": {
        "href": null,
        "total": 0
    },
    "href": "https://api.spotify.com/v1/playlists/6Nnx31FBnysgJ7lGoEjljG",
    "id": "6Nnx31FBnysgJ7lGoEjljG",
    "images": [
        
    ],
    "name": "Latest Bollywood Songs",
    "owner": {
        "display_name": "Samiksha",
        "external_urls": {
            "spotify": "https://open.spotify.com/user/uclfdt3jie5b7vorl9472d5g5"
        },
        "href": "https://api.spotify.com/v1/users/uclfdt3jie5b7vorl9472d5g5",
        "id": "uclfdt3jie5b7vorl9472d5g5",
        "type": "user",
        "uri": "spotify:user:uclfdt3jie5b7vorl9472d5g5"
    },
    "primary_color": null,
    "public": false,
    "snapshot_id": "MSxkMTE1MjUzMjc3NTIxMTUzMzYyNjlkNGNiNmM1YzYzNzk5OTQ4ZmJl",
    "tracks": {
        "href": "https://api.spotify.com/v1/playlists/6Nnx31FBnysgJ7lGoEjljG/tracks",
        "items": [
            
        ],
        "limit": 100,
        "next": null,
        "offset": 0,
        "previous": null,
        "total": 0
    },
    "type": "playlist",
    "uri": "spotify:playlist:6Nnx31FBnysgJ7lGoEjljG"
}
{
    "country": "IN",
    "display_name": "Samiksha",
    "email": "samikshashende777@gmail.com",
    "explicit_content": {
        "filter_enabled": false,
        "filter_locked": false
    },
    "external_urls": {
        "spotify": "https://open.spotify.com/user/uclfdt3jie5b7vorl9472d5g5"
    },
    "followers": {
        "href": null,
        "total": 0
    },
    "href": "https://api.spotify.com/v1/users/uclfdt3jie5b7vorl9472d5g5",
    "id": "uclfdt3jie5b7vorl9472d5g5",
    "images": [
        
    ],
    "product": "open",
    "type": "user",
    "uri": "spotify:user:uclfdt3jie5b7vorl9472d5g5"
}
UserID :uclfdt3jie5b7vorl9472d5g5
{
    "display_name": "Samiksha",
    "external_urls": {
        "spotify": "https://open.spotify.com/user/uclfdt3jie5b7vorl9472d5g5"
    },
    "followers": {
        "href": null,
        "total": 0
    },
    "href": "https://api.spotify.com/v1/users/uclfdt3jie5b7vorl9472d5g5",
    "id": "uclfdt3jie5b7vorl9472d5g5",
    "images": [
        
    ],
    "type": "user",
    "uri": "spotify:user:uclfdt3jie5b7vorl9472d5g5"
}
{
    "tracks": {
        "href": "https://api.spotify.com/v1/search?query=Jubin&type=track&offset=0&limit=20",
        "items": [
            {
                "album": {
                    "album_type": "single",
                    "artists": [
                        {
                            "external_urls": {
                                "spotify": "https://open.spotify.com/artist/1tqysapcCh1lWEAc9dIFpa"
                            },
                            "href": "https://api.spotify.com/v1/artists/1tqysapcCh1lWEAc9dIFpa",
                            "id": "1tqysapcCh1lWEAc9dIFpa",
                            "name": "Jubin Nautiyal",
                            "type": "artist",
                            "uri": "spotify:artist:1tqysapcCh1lWEAc9dIFpa"
                        },
                        {
                            "external_urls": {
                                "spotify": "https://open.spotify.com/artist/4f7KfxeHq9BiylGmyXepGt"
                            },
                            "href": "https://api.spotify.com/v1/artists/4f7KfxeHq9BiylGmyXepGt",
                            "id": "4f7KfxeHq9BiylGmyXepGt",
                            "name": "Tanishk Bagchi",
                            "type": "artist",
                            "uri": "spotify:artist:4f7KfxeHq9BiylGmyXepGt"
                        },
                        {
                            "external_urls": {
                                "spotify": "https://open.spotify.com/artist/5HcunTidTUrOaf8V0iJcvl"
                            },
                            "href": "https://api.spotify.com/v1/artists/5HcunTidTUrOaf8V0iJcvl",
                            "id": "5HcunTidTUrOaf8V0iJcvl",
                            "name": "Nusrat Fateh Ali Khan",
                            "type": "artist",
                            "uri": "spotify:artist:5HcunTidTUrOaf8V0iJcvl"
                        }
                    ],
                    "available_markets": [
                        "AD",
                        "AE",
                        "AG",
                        "AL",
                        "AM",
                        "AO",
                        "AR",
                        "AT",
                        "AU",
                        "AZ",
                        "BA",
                        "BB",
                        "BD",
                        "BE",
                        "BF",
                        "BG",
                        "BH",
                        "BI",
                        "BJ",
                        "BN",
                        "BO",
                        "BR",
                        "BS",
                        "BT",
                        "BW",
                        "BY",
                        "BZ",
                        "CA",
                        "CH",
                        "CI",
                        "CL",
                        "CM",
                        "CO",
                        "CR",
                        "CV",
                        "CW",
                        "CY",
                        "CZ",
                        "DE",
                        "DJ",
                        "DK",
                        "DM",
                        "DO",
                        "DZ",
                        "EC",
                        "EE",
                        "EG",
                        "ES",
                        "FI",
                        "FJ",
                        "FM",
                        "FR",
                        "GA",
                        "GB",
                        "GD",
                        "GE",
                        "GH",
                        "GM",
                        "GN",
                        "GQ",
                        "GR",
                        "GT",
                        "GW",
                        "GY",
                        "HK",
                        "HN",
                        "HR",
                        "HT",
                        "HU",
                        "ID",
                        "IE",
                        "IL",
                        "IN",
                        "IS",
                        "IT",
                        "JM",
                        "JO",
                        "JP",
                        "KE",
                        "KG",
                        "KH",
                        "KI",
                        "KM",
                        "KN",
                        "KR",
                        "KW",
                        "KZ",
                        "LA",
                        "LB",
                        "LC",
                        "LI",
                        "LK",
                        "LR",
                        "LS",
                        "LT",
                        "LU",
                        "LV",
                        "MA",
                        "MC",
                        "MD",
                        "ME",
                        "MG",
                        "MH",
                        "MK",
                        "ML",
                        "MN",
                        "MO",
                        "MR",
                        "MT",
                        "MU",
                        "MV",
                        "MW",
                        "MX",
                        "MY",
                        "MZ",
                        "NA",
                        "NE",
                        "NG",
                        "NI",
                        "NL",
                        "NO",
                        "NP",
                        "NR",
                        "NZ",
                        "OM",
                        "PA",
                        "PE",
                        "PG",
                        "PH",
                        "PK",
                        "PL",
                        "PS",
                        "PT",
                        "PW",
                        "PY",
                        "QA",
                        "RO",
                        "RS",
                        "RU",
                        "RW",
                        "SA",
                        "SB",
                        "SC",
                        "SE",
                        "SG",
                        "SI",
                        "SK",
                        "SL",
                        "SM",
                        "SN",
                        "SR",
                        "ST",
                        "SV",
                        "SZ",
                        "TD",
                        "TG",
                        "TH",
                        "TL",
                        "TN",
                        "TO",
                        "TR",
                        "TT",
                        "TV",
                        "TW",
                        "TZ",
                        "UA",
                        "UG",
                        "US",
                        "UY",
                        "UZ",
                        "VC",
                        "VN",
                        "VU",
                        "WS",
                        "XK",
                        "ZA",
                        "ZM",
                        "ZW"
                    ],
                    "external_urls": {
                        "spotify": "https://open.spotify.com/album/2IgqTqUjGQsmahYITOCdBX"
                    },
                    "href": "https://api.spotify.com/v1/albums/2IgqTqUjGQsmahYITOCdBX",
                    "id": "2IgqTqUjGQsmahYITOCdBX",
                    "images": [
                        {
                            "height": 640,
                            "url": "https://i.scdn.co/image/ab67616d0000b2738634403946cb8f08b83e4c40",
                            "width": 640
                        },
                        {
                            "height": 300,
                            "url": "https://i.scdn.co/image/ab67616d00001e028634403946cb8f08b83e4c40",
                            "width": 300
                        },
                        {
                            "height": 64,
                            "url": "https://i.scdn.co/image/ab67616d000048518634403946cb8f08b83e4c40",
                            "width": 64
                        }
                    ],
                    "name": "Lut Gaye",
                    "release_date": "2021-02-17",
                    "release_date_precision": "day",
                    "total_tracks": 1,
                    "type": "album",
                    "uri": "spotify:album:2IgqTqUjGQsmahYITOCdBX"
                },
                "artists": [
                    {
                        "external_urls": {
                            "spotify": "https://open.spotify.com/artist/1tqysapcCh1lWEAc9dIFpa"
                        },
                        "href": "https://api.spotify.com/v1/artists/1tqysapcCh1lWEAc9dIFpa",
                        "id": "1tqysapcCh1lWEAc9dIFpa",
                        "name": "Jubin Nautiyal",
                        "type": "artist",
                        "uri": "spotify:artist:1tqysapcCh1lWEAc9dIFpa"
                    },
                    {
                        "external_urls": {
                            "spotify": "https://open.spotify.com/artist/4f7KfxeHq9BiylGmyXepGt"
                        },
                        "href": "https://api.spotify.com/v1/artists/4f7KfxeHq9BiylGmyXepGt",
                        "id": "4f7KfxeHq9BiylGmyXepGt",
                        "name": "Tanishk Bagchi",
                        "type": "artist",
                        "uri": "spotify:artist:4f7KfxeHq9BiylGmyXepGt"
                    },
                    {
                        "external_urls": {
                            "spotify": "https://open.spotify.com/artist/5HcunTidTUrOaf8V0iJcvl"
                        },
                        "href": "https://api.spotify.com/v1/artists/5HcunTidTUrOaf8V0iJcvl",
                        "id": "5HcunTidTUrOaf8V0iJcvl",
                        "name": "Nusrat Fateh Ali Khan",
                        "type": "artist",
                        "uri": "spotify:artist:5HcunTidTUrOaf8V0iJcvl"
                    },
                    {
                        "external_urls": {
                            "spotify": "https://open.spotify.com/artist/44oMI9xI4kcCub3qbpYPdb"
                        },
                        "href": "https://api.spotify.com/v1/artists/44oMI9xI4kcCub3qbpYPdb",
                        "id": "44oMI9xI4kcCub3qbpYPdb",
                        "name": "Emraan Hashmi",
                        "type": "artist",
                        "uri": "spotify:artist:44oMI9xI4kcCub3qbpYPdb"
                    }
                ],
                "available_markets": [
                    "AD",
                    "AE",
                    "AG",
                    "AL",
                    "AM",
                    "AO",
                    "AR",
                    "AT",
                    "AU",
                    "AZ",
                    "BA",
                    "BB",
                    "BD",
                    "BE",
                    "BF",
                    "BG",
                    "BH",
                    "BI",
                    "BJ",
                    "BN",
                    "BO",
                    "BR",
                    "BS",
                    "BT",
                    "BW",
                    "BY",
                    "BZ",
                    "CA",
                    "CH",
                    "CI",
                    "CL",
                    "CM",
                    "CO",
                    "CR",
                    "CV",
                    "CW",
                    "CY",
                    "CZ",
                    "DE",
                    "DJ",
                    "DK",
                    "DM",
                    "DO",
                    "DZ",
                    "EC",
                    "EE",
                    "EG",
                    "ES",
                    "FI",
                    "FJ",
                    "FM",
                    "FR",
                    "GA",
                    "GB",
                    "GD",
                    "GE",
                    "GH",
                    "GM",
                    "GN",
                    "GQ",
                    "GR",
                    "GT",
                    "GW",
                    "GY",
                    "HK",
                    "HN",
                    "HR",
                    "HT",
                    "HU",
                    "ID",
                    "IE",
                    "IL",
                    "IN",
                    "IS",
                    "IT",
                    "JM",
                    "JO",
                    "JP",
                    "KE",
                    "KG",
                    "KH",
                    "KI",
                    "KM",
                    "KN",
                    "KR",
                    "KW",
                    "KZ",
                    "LA",
                    "LB",
                    "LC",
                    "LI",
                    "LK",
                    "LR",
                    "LS",
                    "LT",
                    "LU",
                    "LV",
                    "MA",
                    "MC",
                    "MD",
                    "ME",
                    "MG",
                    "MH",
                    "MK",
                    "ML",
                    "MN",
                    "MO",
                    "MR",
                    "MT",
                    "MU",
                    "MV",
                    "MW",
                    "MX",
                    "MY",
                    "MZ",
                    "NA",
                    "NE",
                    "NG",
                    "NI",
                    "NL",
                    "NO",
                    "NP",
                    "NR",
                    "NZ",
                    "OM",
                    "PA",
                    "PE",
                    "PG",
                    "PH",
                    "PK",
                    "PL",
                    "PS",
                    "PT",
                    "PW",
                    "PY",
                    "QA",
                    "RO",
                    "RS",
                    "RU",
                    "RW",
                    "SA",
                    "SB",
                    "SC",
                    "SE",
                    "SG",
                    "SI",
                    "SK",
                    "SL",
                    "SM",
                    "SN",
                    "SR",
                    "ST",
                    "SV",
                    "SZ",
                    "TD",
                    "TG",
                    "TH",
                    "TL",
                    "TN",
                    "TO",
                    "TR",
                    "TT",
                    "TV",
                    "TW",
                    "TZ",
                    "UA",
                    "UG",
                    "US",
                    "UY",
                    "UZ",
                    "VC",
                    "VN",
                    "VU",
                    "WS",
                    "XK",
                    "ZA",
                    "ZM",
                    "ZW"
                ],
                "disc_number": 1,
                "duration_ms": 228031,
                "explicit": false,
                "external_ids": {
                    "isrc": "INS182100281"
                },
                "external_urls": {
                    "spotify": "https://open.spotify.com/track/2ufLEVbzvEcJ3subW8jBUp"
                },
                "href": "https://api.spotify.com/v1/tracks/2ufLEVbzvEcJ3subW8jBUp",
                "id": "2ufLEVbzvEcJ3subW8jBUp",
                "is_local": false,
                "name": "Lut Gaye",
                "popularity": 78,
                "preview_url": "https://p.scdn.co/mp3-preview/6ba0d9c8eaa70f93511749cbdc9b1e3e6b4369a5?cid=774b29d4f13844c495f206cafdad9c86",
                "track_number": 1,
                "type": "track",
                "uri": "spotify:track:2ufLEVbzvEcJ3subW8jBUp"
            },
            {
                "album": {
                    "album_type": "single",
                    "artists": [
                        {
                            "external_urls": {
                                "spotify": "https://open.spotify.com/artist/5f4QpKfy7ptCHwTqspnSJI"
                            },
                            "href": "https://api.spotify.com/v1/artists/5f4QpKfy7ptCHwTqspnSJI",
                            "id": "5f4QpKfy7ptCHwTqspnSJI",
                            "name": "Neha Kakkar",
                            "type": "artist",
                            "uri": "spotify:artist:5f4QpKfy7ptCHwTqspnSJI"
                        },
                        {
                            "external_urls": {
                                "spotify": "https://open.spotify.com/artist/1tqysapcCh1lWEAc9dIFpa"
                            },
                            "href": "https://api.spotify.com/v1/artists/1tqysapcCh1lWEAc9dIFpa",
                            "id": "1tqysapcCh1lWEAc9dIFpa",
                            "name": "Jubin Nautiyal",
                            "type": "artist",
                            "uri": "spotify:artist:1tqysapcCh1lWEAc9dIFpa"
                        },
                        {
                            "external_urls": {
                                "spotify": "https://open.spotify.com/artist/5gZhfbckaWo89OzDSk3gdT"
                            },
                            "href": "https://api.spotify.com/v1/artists/5gZhfbckaWo89OzDSk3gdT",
                            "id": "5gZhfbckaWo89OzDSk3gdT",
                            "name": "Jaani",
                            "type": "artist",
                            "uri": "spotify:artist:5gZhfbckaWo89OzDSk3gdT"
                        }
                    ],
                    "available_markets": [
                        "AD",
                        "AE",
                        "AG",
                        "AL",
                        "AM",
                        "AO",
                        "AR",
                        "AT",
                        "AU",
                        "AZ",
                        "BA",
                        "BB",
                        "BD",
                        "BE",
                        "BF",
                        "BG",
                        "BH",
                        "BI",
                        "BJ",
                        "BN",
                        "BO",
                        "BR",
                        "BS",
                        "BT",
                        "BW",
                        "BY",
                        "BZ",
                        "CA",
                        "CH",
                        "CI",
                        "CL",
                        "CM",
                        "CO",
                        "CR",
                        "CV",
                        "CW",
                        "CY",
                        "CZ",
                        "DE",
                        "DJ",
                        "DK",
                        "DM",
                        "DO",
                        "DZ",
                        "EC",
                        "EE",
                        "EG",
                        "ES",
                        "FI",
                        "FJ",
                        "FM",
                        "FR",
                        "GA",
                        "GB",
                        "GD",
                        "GE",
                        "GH",
                        "GM",
                        "GN",
                        "GQ",
                        "GR",
                        "GT",
                        "GW",
                        "GY",
                        "HK",
                        "HN",
                        "HR",
                        "HT",
                        "HU",
                        "ID",
                        "IE",
                        "IL",
                        "IN",
                        "IS",
                        "IT",
                        "JM",
                        "JO",
                        "JP",
                        "KE",
                        "KG",
                        "KH",
                        "KI",
                        "KM",
                        "KN",
                        "KR",
                        "KW",
                        "KZ",
                        "LA",
                        "LB",
                        "LC",
                        "LI",
                        "LK",
                        "LR",
                        "LS",
                        "LT",
                        "LU",
                        "LV",
                        "MA",
                        "MC",
                        "MD",
                        "ME",
                        "MG",
                        "MH",
                        "MK",
                        "ML",
                        "MN",
                        "MO",
                        "MR",
                        "MT",
                        "MU",
                        "MV",
                        "MW",
                        "MX",
                        "MY",
                        "MZ",
                        "NA",
                        "NE",
                        "NG",
                        "NI",
                        "NL",
                        "NO",
                        "NP",
                        "NR",
                        "NZ",
                        "OM",
                        "PA",
                        "PE",
                        "PG",
                        "PH",
                        "PK",
                        "PL",
                        "PS",
                        "PT",
                        "PW",
                        "PY",
                        "QA",
                        "RO",
                        "RS",
                        "RU",
                        "RW",
                        "SA",
                        "SB",
                        "SC",
                        "SE",
                        "SG",
                        "SI",
                        "SK",
                        "SL",
                        "SM",
                        "SN",
                        "SR",
                        "ST",
                        "SV",
                        "SZ",
                        "TD",
                        "TG",
                        "TH",
                        "TL",
                        "TN",
                        "TO",
                        "TR",
                        "TT",
                        "TV",
                        "TW",
                        "TZ",
                        "UA",
                        "UG",
                        "US",
                        "UY",
                        "UZ",
                        "VC",
                        "VN",
                        "VU",
                        "WS",
                        "XK",
                        "ZA",
                        "ZM",
                        "ZW"
                    ],
                    "external_urls": {
                        "spotify": "https://open.spotify.com/album/6gPsylHkKTVVNLXRN9RLYy"
                    },
                    "href": "https://api.spotify.com/v1/albums/6gPsylHkKTVVNLXRN9RLYy",
                    "id": "6gPsylHkKTVVNLXRN9RLYy",
                    "images": [
                        {
                            "height": 640,
                            "url": "https://i.scdn.co/image/ab67616d0000b273eca8738a25b2d5198283b95e",
                            "width": 640
                        },
                        {
                            "height": 300,
                            "url": "https://i.scdn.co/image/ab67616d00001e02eca8738a25b2d5198283b95e",
                            "width": 300
                        },
                        {
                            "height": 64,
                            "url": "https://i.scdn.co/image/ab67616d00004851eca8738a25b2d5198283b95e",
                            "width": 64
                        }
                    ],
                    "name": "Taaron Ke Shehar",
                    "release_date": "2020-09-20",
                    "release_date_precision": "day",
                    "total_tracks": 1,
                    "type": "album",
                    "uri": "spotify:album:6gPsylHkKTVVNLXRN9RLYy"
                },
                "artists": [
                    {
                        "external_urls": {
                            "spotify": "https://open.spotify.com/artist/5f4QpKfy7ptCHwTqspnSJI"
                        },
                        "href": "https://api.spotify.com/v1/artists/5f4QpKfy7ptCHwTqspnSJI",
                        "id": "5f4QpKfy7ptCHwTqspnSJI",
                        "name": "Neha Kakkar",
                        "type": "artist",
                        "uri": "spotify:artist:5f4QpKfy7ptCHwTqspnSJI"
                    },
                    {
                        "external_urls": {
                            "spotify": "https://open.spotify.com/artist/1tqysapcCh1lWEAc9dIFpa"
                        },
                        "href": "https://api.spotify.com/v1/artists/1tqysapcCh1lWEAc9dIFpa",
                        "id": "1tqysapcCh1lWEAc9dIFpa",
                        "name": "Jubin Nautiyal",
                        "type": "artist",
                        "uri": "spotify:artist:1tqysapcCh1lWEAc9dIFpa"
                    },
                    {
                        "external_urls": {
                            "spotify": "https://open.spotify.com/artist/5gZhfbckaWo89OzDSk3gdT"
                        },
                        "href": "https://api.spotify.com/v1/artists/5gZhfbckaWo89OzDSk3gdT",
                        "id": "5gZhfbckaWo89OzDSk3gdT",
                        "name": "Jaani",
                        "type": "artist",
                        "uri": "spotify:artist:5gZhfbckaWo89OzDSk3gdT"
                    }
                ],
                "available_markets": [
                    "AD",
                    "AE",
                    "AG",
                    "AL",
                    "AM",
                    "AO",
                    "AR",
                    "AT",
                    "AU",
                    "AZ",
                    "BA",
                    "BB",
                    "BD",
                    "BE",
                    "BF",
                    "BG",
                    "BH",
                    "BI",
                    "BJ",
                    "BN",
                    "BO",
                    "BR",
                    "BS",
                    "BT",
                    "BW",
                    "BY",
                    "BZ",
                    "CA",
                    "CH",
                    "CI",
                    "CL",
                    "CM",
                    "CO",
                    "CR",
                    "CV",
                    "CW",
                    "CY",
                    "CZ",
                    "DE",
                    "DJ",
                    "DK",
                    "DM",
                    "DO",
                    "DZ",
                    "EC",
                    "EE",
                    "EG",
                    "ES",
                    "FI",
                    "FJ",
                    "FM",
                    "FR",
                    "GA",
                    "GB",
                    "GD",
                    "GE",
                    "GH",
                    "GM",
                    "GN",
                    "GQ",
                    "GR",
                    "GT",
                    "GW",
                    "GY",
                    "HK",
                    "HN",
                    "HR",
                    "HT",
                    "HU",
                    "ID",
                    "IE",
                    "IL",
                    "IN",
                    "IS",
                    "IT",
                    "JM",
                    "JO",
                    "JP",
                    "KE",
                    "KG",
                    "KH",
                    "KI",
                    "KM",
                    "KN",
                    "KR",
                    "KW",
                    "KZ",
                    "LA",
                    "LB",
                    "LC",
                    "LI",
                    "LK",
                    "LR",
                    "LS",
                    "LT",
                    "LU",
                    "LV",
                    "MA",
                    "MC",
                    "MD",
                    "ME",
                    "MG",
                    "MH",
                    "MK",
                    "ML",
                    "MN",
                    "MO",
                    "MR",
                    "MT",
                    "MU",
                    "MV",
                    "MW",
                    "MX",
                    "MY",
                    "MZ",
                    "NA",
                    "NE",
                    "NG",
                    "NI",
                    "NL",
                    "NO",
                    "NP",
                    "NR",
                    "NZ",
                    "OM",
                    "PA",
                    "PE",
                    "PG",
                    "PH",
                    "PK",
                    "PL",
                    "PS",
                    "PT",
                    "PW",
                    "PY",
                    "QA",
                    "RO",
                    "RS",
                    "RU",
                    "RW",
                    "SA",
                    "SB",
                    "SC",
                    "SE",
                    "SG",
                    "SI",
                    "SK",
                    "SL",
                    "SM",
                    "SN",
                    "SR",
                    "ST",
                    "SV",
                    "SZ",
                    "TD",
                    "TG",
                    "TH",
                    "TL",
                    "TN",
                    "TO",
                    "TR",
                    "TT",
                    "TV",
                    "TW",
                    "TZ",
                    "UA",
                    "UG",
                    "US",
                    "UY",
                    "UZ",
                    "VC",
                    "VN",
                    "VU",
                    "WS",
                    "XK",
                    "ZA",
                    "ZM",
                    "ZW"
                ],
                "disc_number": 1,
                "duration_ms": 230082,
                "explicit": false,
                "external_ids": {
                    "isrc": "INS182006274"
                },
                "external_urls": {
                    "spotify": "https://open.spotify.com/track/1r6sFC5J0p9r3jcfIoSGDM"
                },
                "href": "https://api.spotify.com/v1/tracks/1r6sFC5J0p9r3jcfIoSGDM",
                "id": "1r6sFC5J0p9r3jcfIoSGDM",
                "is_local": false,
                "name": "Taaron Ke Shehar",
                "popularity": 69,
                "preview_url": "https://p.scdn.co/mp3-preview/661a27e9a12438dac8c8fc5b013e00677bc4abec?cid=774b29d4f13844c495f206cafdad9c86",
                "track_number": 1,
                "type": "track",
                "uri": "spotify:track:1r6sFC5J0p9r3jcfIoSGDM"
            },
            {
                "album": {
                    "album_type": "single",
                    "artists": [
                        {
                            "external_urls": {
                                "spotify": "https://open.spotify.com/artist/3dN9MQpjIyNxyeRfz4EDZe"
                            },
                            "href": "https://api.spotify.com/v1/artists/3dN9MQpjIyNxyeRfz4EDZe",
                            "id": "3dN9MQpjIyNxyeRfz4EDZe",
                            "name": "Rochak Kohli",
                            "type": "artist",
                            "uri": "spotify:artist:3dN9MQpjIyNxyeRfz4EDZe"
                        },
                        {
                            "external_urls": {
                                "spotify": "https://open.spotify.com/artist/1tqysapcCh1lWEAc9dIFpa"
                            },
                            "href": "https://api.spotify.com/v1/artists/1tqysapcCh1lWEAc9dIFpa",
                            "id": "1tqysapcCh1lWEAc9dIFpa",
                            "name": "Jubin Nautiyal",
                            "type": "artist",
                            "uri": "spotify:artist:1tqysapcCh1lWEAc9dIFpa"
                        }
                    ],
                    "available_markets": [
                        "AD",
                        "AE",
                        "AG",
                        "AL",
                        "AM",
                        "AO",
                        "AR",
                        "AT",
                        "AU",
                        "AZ",
                        "BA",
                        "BB",
                        "BD",
                        "BE",
                        "BF",
                        "BG",
                        "BH",
                        "BI",
                        "BJ",
                        "BN",
                        "BO",
                        "BR",
                        "BS",
                        "BT",
                        "BW",
                        "BY",
                        "BZ",
                        "CA",
                        "CH",
                        "CI",
                        "CL",
                        "CM",
                        "CO",
                        "CR",
                        "CV",
                        "CW",
                        "CY",
                        "CZ",
                        "DE",
                        "DJ",
                        "DK",
                        "DM",
                        "DO",
                        "DZ",
                        "EC",
                        "EE",
                        "EG",
                        "ES",
                        "FI",
                        "FJ",
                        "FM",
                        "FR",
                        "GA",
                        "GB",
                        "GD",
                        "GE",
                        "GH",
                        "GM",
                        "GN",
                        "GQ",
                        "GR",
                        "GT",
                        "GW",
                        "GY",
                        "HK",
                        "HN",
                        "HR",
                        "HT",
                        "HU",
                        "ID",
                        "IE",
                        "IL",
                        "IN",
                        "IS",
                        "IT",
                        "JM",
                        "JO",
                        "JP",
                        "KE",
                        "KG",
                        "KH",
                        "KI",
                        "KM",
                        "KN",
                        "KR",
                        "KW",
                        "KZ",
                        "LA",
                        "LB",
                        "LC",
                        "LI",
                        "LK",
                        "LR",
                        "LS",
                        "LT",
                        "LU",
                        "LV",
                        "MA",
                        "MC",
                        "MD",
                        "ME",
                        "MG",
                        "MH",
                        "MK",
                        "ML",
                        "MN",
                        "MO",
                        "MR",
                        "MT",
                        "MU",
                        "MV",
                        "MW",
                        "MX",
                        "MY",
                        "MZ",
                        "NA",
                        "NE",
                        "NG",
                        "NI",
                        "NL",
                        "NO",
                        "NP",
                        "NR",
                        "NZ",
                        "OM",
                        "PA",
                        "PE",
                        "PG",
                        "PH",
                        "PK",
                        "PL",
                        "PS",
                        "PT",
                        "PW",
                        "PY",
                        "QA",
                        "RO",
                        "RS",
                        "RU",
                        "RW",
                        "SA",
                        "SB",
                        "SC",
                        "SE",
                        "SG",
                        "SI",
                        "SK",
                        "SL",
                        "SM",
                        "SN",
                        "SR",
                        "ST",
                        "SV",
                        "SZ",
                        "TD",
                        "TG",
                        "TH",
                        "TL",
                        "TN",
                        "TO",
                        "TR",
                        "TT",
                        "TV",
                        "TW",
                        "TZ",
                        "UA",
                        "UG",
                        "US",
                        "UY",
                        "UZ",
                        "VC",
                        "VN",
                        "VU",
                        "WS",
                        "XK",
                        "ZA",
                        "ZM",
                        "ZW"
                    ],
                    "external_urls": {
                        "spotify": "https://open.spotify.com/album/5u8vmQ2Y0KRf5cYMa1VwV4"
                    },
                    "href": "https://api.spotify.com/v1/albums/5u8vmQ2Y0KRf5cYMa1VwV4",
                    "id": "5u8vmQ2Y0KRf5cYMa1VwV4",
                    "images": [
                        {
                            "height": 640,
                            "url": "https://i.scdn.co/image/ab67616d0000b273fdd9c6d0a3d7171646686149",
                            "width": 640
                        },
                        {
                            "height": 300,
                            "url": "https://i.scdn.co/image/ab67616d00001e02fdd9c6d0a3d7171646686149",
                            "width": 300
                        },
                        {
                            "height": 64,
                            "url": "https://i.scdn.co/image/ab67616d00004851fdd9c6d0a3d7171646686149",
                            "width": 64
                        }
                    ],
                    "name": "Bewafa Tera Masoom Chehra",
                    "release_date": "2020-11-16",
                    "release_date_precision": "day",
                    "total_tracks": 1,
                    "type": "album",
                    "uri": "spotify:album:5u8vmQ2Y0KRf5cYMa1VwV4"
                },
                "artists": [
                    {
                        "external_urls": {
                            "spotify": "https://open.spotify.com/artist/3dN9MQpjIyNxyeRfz4EDZe"
                        },
                        "href": "https://api.spotify.com/v1/artists/3dN9MQpjIyNxyeRfz4EDZe",
                        "id": "3dN9MQpjIyNxyeRfz4EDZe",
                        "name": "Rochak Kohli",
                        "type": "artist",
                        "uri": "spotify:artist:3dN9MQpjIyNxyeRfz4EDZe"
                    },
                    {
                        "external_urls": {
                            "spotify": "https://open.spotify.com/artist/1tqysapcCh1lWEAc9dIFpa"
                        },
                        "href": "https://api.spotify.com/v1/artists/1tqysapcCh1lWEAc9dIFpa",
                        "id": "1tqysapcCh1lWEAc9dIFpa",
                        "name": "Jubin Nautiyal",
                        "type": "artist",
                        "uri": "spotify:artist:1tqysapcCh1lWEAc9dIFpa"
                    }
                ],
                "available_markets": [
                    "AD",
                    "AE",
                    "AG",
                    "AL",
                    "AM",
                    "AO",
                    "AR",
                    "AT",
                    "AU",
                    "AZ",
                    "BA",
                    "BB",
                    "BD",
                    "BE",
                    "BF",
                    "BG",
                    "BH",
                    "BI",
                    "BJ",
                    "BN",
                    "BO",
                    "BR",
                    "BS",
                    "BT",
                    "BW",
                    "BY",
                    "BZ",
                    "CA",
                    "CH",
                    "CI",
                    "CL",
                    "CM",
                    "CO",
                    "CR",
                    "CV",
                    "CW",
                    "CY",
                    "CZ",
                    "DE",
                    "DJ",
                    "DK",
                    "DM",
                    "DO",
                    "DZ",
                    "EC",
                    "EE",
                    "EG",
                    "ES",
                    "FI",
                    "FJ",
                    "FM",
                    "FR",
                    "GA",
                    "GB",
                    "GD",
                    "GE",
                    "GH",
                    "GM",
                    "GN",
                    "GQ",
                    "GR",
                    "GT",
                    "GW",
                    "GY",
                    "HK",
                    "HN",
                    "HR",
                    "HT",
                    "HU",
                    "ID",
                    "IE",
                    "IL",
                    "IN",
                    "IS",
                    "IT",
                    "JM",
                    "JO",
                    "JP",
                    "KE",
                    "KG",
                    "KH",
                    "KI",
                    "KM",
                    "KN",
                    "KR",
                    "KW",
                    "KZ",
                    "LA",
                    "LB",
                    "LC",
                    "LI",
                    "LK",
                    "LR",
                    "LS",
                    "LT",
                    "LU",
                    "LV",
                    "MA",
                    "MC",
                    "MD",
                    "ME",
                    "MG",
                    "MH",
                    "MK",
                    "ML",
                    "MN",
                    "MO",
                    "MR",
                    "MT",
                    "MU",
                    "MV",
                    "MW",
                    "MX",
                    "MY",
                    "MZ",
                    "NA",
                    "NE",
                    "NG",
                    "NI",
                    "NL",
                    "NO",
                    "NP",
                    "NR",
                    "NZ",
                    "OM",
                    "PA",
                    "PE",
                    "PG",
                    "PH",
                    "PK",
                    "PL",
                    "PS",
                    "PT",
                    "PW",
                    "PY",
                    "QA",
                    "RO",
                    "RS",
                    "RU",
                    "RW",
                    "SA",
                    "SB",
                    "SC",
                    "SE",
                    "SG",
                    "SI",
                    "SK",
                    "SL",
                    "SM",
                    "SN",
                    "SR",
                    "ST",
                    "SV",
                    "SZ",
                    "TD",
                    "TG",
                    "TH",
                    "TL",
                    "TN",
                    "TO",
                    "TR",
                    "TT",
                    "TV",
                    "TW",
                    "TZ",
                    "UA",
                    "UG",
                    "US",
                    "UY",
                    "UZ",
                    "VC",
                    "VN",
                    "VU",
                    "WS",
                    "XK",
                    "ZA",
                    "ZM",
                    "ZW"
                ],
                "disc_number": 1,
                "duration_ms": 242149,
                "explicit": false,
                "external_ids": {
                    "isrc": "INS182006822"
                },
                "external_urls": {
                    "spotify": "https://open.spotify.com/track/2plj6f8TqOF0YNuHd2VzJD"
                },
                "href": "https://api.spotify.com/v1/tracks/2plj6f8TqOF0YNuHd2VzJD",
                "id": "2plj6f8TqOF0YNuHd2VzJD",
                "is_local": false,
                "name": "Bewafa Tera Masoom Chehra",
                "popularity": 68,
                "preview_url": "https://p.scdn.co/mp3-preview/c455f40c53db3f45f883a6b53f4df2656ee7e44d?cid=774b29d4f13844c495f206cafdad9c86",
                "track_number": 1,
                "type": "track",
                "uri": "spotify:track:2plj6f8TqOF0YNuHd2VzJD"
            },
            {
                "album": {
                    "album_type": "single",
                    "artists": [
                        {
                            "external_urls": {
                                "spotify": "https://open.spotify.com/artist/6FtZhorjCMfkaVJ7kKdmq7"
                            },
                            "href": "https://api.spotify.com/v1/artists/6FtZhorjCMfkaVJ7kKdmq7",
                            "id": "6FtZhorjCMfkaVJ7kKdmq7",
                            "name": "Payal Dev",
                            "type": "artist",
                            "uri": "spotify:artist:6FtZhorjCMfkaVJ7kKdmq7"
                        },
                        {
                            "external_urls": {
                                "spotify": "https://open.spotify.com/artist/1tqysapcCh1lWEAc9dIFpa"
                            },
                            "href": "https://api.spotify.com/v1/artists/1tqysapcCh1lWEAc9dIFpa",
                            "id": "1tqysapcCh1lWEAc9dIFpa",
                            "name": "Jubin Nautiyal",
                            "type": "artist",
                            "uri": "spotify:artist:1tqysapcCh1lWEAc9dIFpa"
                        }
                    ],
                    "available_markets": [
                        "AD",
                        "AE",
                        "AG",
                        "AL",
                        "AM",
                        "AO",
                        "AR",
                        "AT",
                        "AU",
                        "AZ",
                        "BA",
                        "BB",
                        "BD",
                        "BE",
                        "BF",
                        "BG",
                        "BH",
                        "BI",
                        "BJ",
                        "BN",
                        "BO",
                        "BR",
                        "BS",
                        "BT",
                        "BW",
                        "BY",
                        "BZ",
                        "CA",
                        "CH",
                        "CI",
                        "CL",
                        "CM",
                        "CO",
                        "CR",
                        "CV",
                        "CW",
                        "CY",
                        "CZ",
                        "DE",
                        "DJ",
                        "DK",
                        "DM",
                        "DO",
                        "DZ",
                        "EC",
                        "EE",
                        "EG",
                        "ES",
                        "FI",
                        "FJ",
                        "FM",
                        "FR",
                        "GA",
                        "GB",
                        "GD",
                        "GE",
                        "GH",
                        "GM",
                        "GN",
                        "GQ",
                        "GR",
                        "GT",
                        "GW",
                        "GY",
                        "HK",
                        "HN",
                        "HR",
                        "HT",
                        "HU",
                        "ID",
                        "IE",
                        "IL",
                        "IN",
                        "IS",
                        "IT",
                        "JM",
                        "JO",
                        "JP",
                        "KE",
                        "KG",
                        "KH",
                        "KI",
                        "KM",
                        "KN",
                        "KR",
                        "KW",
                        "KZ",
                        "LA",
                        "LB",
                        "LC",
                        "LI",
                        "LK",
                        "LR",
                        "LS",
                        "LT",
                        "LU",
                        "LV",
                        "MA",
                        "MC",
                        "MD",
                        "ME",
                        "MG",
                        "MH",
                        "MK",
                        "ML",
                        "MN",
                        "MO",
                        "MR",
                        "MT",
                        "MU",
                        "MV",
                        "MW",
                        "MX",
                        "MY",
                        "MZ",
                        "NA",
                        "NE",
                        "NG",
                        "NI",
                        "NL",
                        "NO",
                        "NP",
                        "NR",
                        "NZ",
                        "OM",
                        "PA",
                        "PE",
                        "PG",
                        "PH",
                        "PK",
                        "PL",
                        "PS",
                        "PT",
                        "PW",
                        "PY",
                        "QA",
                        "RO",
                        "RS",
                        "RU",
                        "RW",
                        "SA",
                        "SB",
                        "SC",
                        "SE",
                        "SG",
                        "SI",
                        "SK",
                        "SL",
                        "SM",
                        "SN",
                        "SR",
                        "ST",
                        "SV",
                        "SZ",
                        "TD",
                        "TG",
                        "TH",
                        "TL",
                        "TN",
                        "TO",
                        "TR",
                        "TT",
                        "TV",
                        "TW",
                        "TZ",
                        "UA",
                        "UG",
                        "US",
                        "UY",
                        "UZ",
                        "VC",
                        "VN",
                        "VU",
                        "WS",
                        "XK",
                        "ZA",
                        "ZM",
                        "ZW"
                    ],
                    "external_urls": {
                        "spotify": "https://open.spotify.com/album/4T4pSf21EvGk9vFqMomFUs"
                    },
                    "href": "https://api.spotify.com/v1/albums/4T4pSf21EvGk9vFqMomFUs",
                    "id": "4T4pSf21EvGk9vFqMomFUs",
                    "images": [
                        {
                            "height": 640,
                            "url": "https://i.scdn.co/image/ab67616d0000b2736539071e0f1833190a491d4d",
                            "width": 640
                        },
                        {
                            "height": 300,
                            "url": "https://i.scdn.co/image/ab67616d00001e026539071e0f1833190a491d4d",
                            "width": 300
                        },
                        {
                            "height": 64,
                            "url": "https://i.scdn.co/image/ab67616d000048516539071e0f1833190a491d4d",
                            "width": 64
                        }
                    ],
                    "name": "Tum Hi Aana (From \"Marjaavaan\")",
                    "release_date": "2019-10-03",
                    "release_date_precision": "day",
                    "total_tracks": 1,
                    "type": "album",
                    "uri": "spotify:album:4T4pSf21EvGk9vFqMomFUs"
                },
                "artists": [
                    {
                        "external_urls": {
                            "spotify": "https://open.spotify.com/artist/6FtZhorjCMfkaVJ7kKdmq7"
                        },
                        "href": "https://api.spotify.com/v1/artists/6FtZhorjCMfkaVJ7kKdmq7",
                        "id": "6FtZhorjCMfkaVJ7kKdmq7",
                        "name": "Payal Dev",
                        "type": "artist",
                        "uri": "spotify:artist:6FtZhorjCMfkaVJ7kKdmq7"
                    },
                    {
                        "external_urls": {
                            "spotify": "https://open.spotify.com/artist/1tqysapcCh1lWEAc9dIFpa"
                        },
                        "href": "https://api.spotify.com/v1/artists/1tqysapcCh1lWEAc9dIFpa",
                        "id": "1tqysapcCh1lWEAc9dIFpa",
                        "name": "Jubin Nautiyal",
                        "type": "artist",
                        "uri": "spotify:artist:1tqysapcCh1lWEAc9dIFpa"
                    }
                ],
                "available_markets": [
                    "AD",
                    "AE",
                    "AG",
                    "AL",
                    "AM",
                    "AO",
                    "AR",
                    "AT",
                    "AU",
                    "AZ",
                    "BA",
                    "BB",
                    "BD",
                    "BE",
                    "BF",
                    "BG",
                    "BH",
                    "BI",
                    "BJ",
                    "BN",
                    "BO",
                    "BR",
                    "BS",
                    "BT",
                    "BW",
                    "BY",
                    "BZ",
                    "CA",
                    "CH",
                    "CI",
                    "CL",
                    "CM",
                    "CO",
                    "CR",
                    "CV",
                    "CW",
                    "CY",
                    "CZ",
                    "DE",
                    "DJ",
                    "DK",
                    "DM",
                    "DO",
                    "DZ",
                    "EC",
                    "EE",
                    "EG",
                    "ES",
                    "FI",
                    "FJ",
                    "FM",
                    "FR",
                    "GA",
                    "GB",
                    "GD",
                    "GE",
                    "GH",
                    "GM",
                    "GN",
                    "GQ",
                    "GR",
                    "GT",
                    "GW",
                    "GY",
                    "HK",
                    "HN",
                    "HR",
                    "HT",
                    "HU",
                    "ID",
                    "IE",
                    "IL",
                    "IN",
                    "IS",
                    "IT",
                    "JM",
                    "JO",
                    "JP",
                    "KE",
                    "KG",
                    "KH",
                    "KI",
                    "KM",
                    "KN",
                    "KR",
                    "KW",
                    "KZ",
                    "LA",
                    "LB",
                    "LC",
                    "LI",
                    "LK",
                    "LR",
                    "LS",
                    "LT",
                    "LU",
                    "LV",
                    "MA",
                    "MC",
                    "MD",
                    "ME",
                    "MG",
                    "MH",
                    "MK",
                    "ML",
                    "MN",
                    "MO",
                    "MR",
                    "MT",
                    "MU",
                    "MV",
                    "MW",
                    "MX",
                    "MY",
                    "MZ",
                    "NA",
                    "NE",
                    "NG",
                    "NI",
                    "NL",
                    "NO",
                    "NP",
                    "NR",
                    "NZ",
                    "OM",
                    "PA",
                    "PE",
                    "PG",
                    "PH",
                    "PK",
                    "PL",
                    "PS",
                    "PT",
                    "PW",
                    "PY",
                    "QA",
                    "RO",
                    "RS",
                    "RU",
                    "RW",
                    "SA",
                    "SB",
                    "SC",
                    "SE",
                    "SG",
                    "SI",
                    "SK",
                    "SL",
                    "SM",
                    "SN",
                    "SR",
                    "ST",
                    "SV",
                    "SZ",
                    "TD",
                    "TG",
                    "TH",
                    "TL",
                    "TN",
                    "TO",
                    "TR",
                    "TT",
                    "TV",
                    "TW",
                    "TZ",
                    "UA",
                    "UG",
                    "US",
                    "UY",
                    "UZ",
                    "VC",
                    "VN",
                    "VU",
                    "WS",
                    "XK",
                    "ZA",
                    "ZM",
                    "ZW"
                ],
                "disc_number": 1,
                "duration_ms": 249126,
                "explicit": false,
                "external_ids": {
                    "isrc": "INS181905004"
                },
                "external_urls": {
                    "spotify": "https://open.spotify.com/track/6E9UwSfT80age2xknoMS7Y"
                },
                "href": "https://api.spotify.com/v1/tracks/6E9UwSfT80age2xknoMS7Y",
                "id": "6E9UwSfT80age2xknoMS7Y",
                "is_local": false,
                "name": "Tum Hi Aana (From \"Marjaavaan\")",
                "popularity": 68,
                "preview_url": "https://p.scdn.co/mp3-preview/9a2cb03a571d183a409af0f0bd573934556af000?cid=774b29d4f13844c495f206cafdad9c86",
                "track_number": 1,
                "type": "track",
                "uri": "spotify:track:6E9UwSfT80age2xknoMS7Y"
            },
            {
                "album": {
                    "album_type": "single",
                    "artists": [
                        {
                            "external_urls": {
                                "spotify": "https://open.spotify.com/artist/1OPqAyxsQc8mcRmoNBAnVk"
                            },
                            "href": "https://api.spotify.com/v1/artists/1OPqAyxsQc8mcRmoNBAnVk",
                            "id": "1OPqAyxsQc8mcRmoNBAnVk",
                            "name": "Dhvani Bhanushali",
                            "type": "artist",
                            "uri": "spotify:artist:1OPqAyxsQc8mcRmoNBAnVk"
                        },
                        {
                            "external_urls": {
                                "spotify": "https://open.spotify.com/artist/1tqysapcCh1lWEAc9dIFpa"
                            },
                            "href": "https://api.spotify.com/v1/artists/1tqysapcCh1lWEAc9dIFpa",
                            "id": "1tqysapcCh1lWEAc9dIFpa",
                            "name": "Jubin Nautiyal",
                            "type": "artist",
                            "uri": "spotify:artist:1tqysapcCh1lWEAc9dIFpa"
                        },
                        {
                            "external_urls": {
                                "spotify": "https://open.spotify.com/artist/5TNSXFCNwlq2CfiMcNOCDP"
                            },
                            "href": "https://api.spotify.com/v1/artists/5TNSXFCNwlq2CfiMcNOCDP",
                            "id": "5TNSXFCNwlq2CfiMcNOCDP",
                            "name": "Lijo George-Dj Chetas",
                            "type": "artist",
                            "uri": "spotify:artist:5TNSXFCNwlq2CfiMcNOCDP"
                        }
                    ],
                    "available_markets": [
                        "AD",
                        "AE",
                        "AG",
                        "AL",
                        "AM",
                        "AO",
                        "AR",
                        "AT",
                        "AU",
                        "AZ",
                        "BA",
                        "BB",
                        "BD",
                        "BE",
                        "BF",
                        "BG",
                        "BH",
                        "BI",
                        "BJ",
                        "BN",
                        "BO",
                        "BR",
                        "BS",
                        "BT",
                        "BW",
                        "BY",
                        "BZ",
                        "CA",
                        "CH",
                        "CI",
                        "CL",
                        "CM",
                        "CO",
                        "CR",
                        "CV",
                        "CW",
                        "CY",
                        "CZ",
                        "DE",
                        "DJ",
                        "DK",
                        "DM",
                        "DO",
                        "DZ",
                        "EC",
                        "EE",
                        "EG",
                        "ES",
                        "FI",
                        "FJ",
                        "FM",
                        "FR",
                        "GA",
                        "GB",
                        "GD",
                        "GE",
                        "GH",
                        "GM",
                        "GN",
                        "GQ",
                        "GR",
                        "GT",
                        "GW",
                        "GY",
                        "HK",
                        "HN",
                        "HR",
                        "HT",
                        "HU",
                        "ID",
                        "IE",
                        "IL",
                        "IN",
                        "IS",
                        "IT",
                        "JM",
                        "JO",
                        "JP",
                        "KE",
                        "KG",
                        "KH",
                        "KI",
                        "KM",
                        "KN",
                        "KR",
                        "KW",
                        "KZ",
                        "LA",
                        "LB",
                        "LC",
                        "LI",
                        "LK",
                        "LR",
                        "LS",
                        "LT",
                        "LU",
                        "LV",
                        "MA",
                        "MC",
                        "MD",
                        "ME",
                        "MG",
                        "MH",
                        "MK",
                        "ML",
                        "MN",
                        "MO",
                        "MR",
                        "MT",
                        "MU",
                        "MV",
                        "MW",
                        "MX",
                        "MY",
                        "MZ",
                        "NA",
                        "NE",
                        "NG",
                        "NI",
                        "NL",
                        "NO",
                        "NP",
                        "NR",
                        "NZ",
                        "OM",
                        "PA",
                        "PE",
                        "PG",
                        "PH",
                        "PK",
                        "PL",
                        "PS",
                        "PT",
                        "PW",
                        "PY",
                        "QA",
                        "RO",
                        "RS",
                        "RU",
                        "RW",
                        "SA",
                        "SB",
                        "SC",
                        "SE",
                        "SG",
                        "SI",
                        "SK",
                        "SL",
                        "SM",
                        "SN",
                        "SR",
                        "ST",
                        "SV",
                        "SZ",
                        "TD",
                        "TG",
                        "TH",
                        "TL",
                        "TN",
                        "TO",
                        "TR",
                        "TT",
                        "TV",
                        "TW",
                        "TZ",
                        "UA",
                        "UG",
                        "US",
                        "UY",
                        "UZ",
                        "VC",
                        "VN",
                        "VU",
                        "WS",
                        "XK",
                        "ZA",
                        "ZM",
                        "ZW"
                    ],
                    "external_urls": {
                        "spotify": "https://open.spotify.com/album/73wnThE4TNKMDdPTTSBTsM"
                    },
                    "href": "https://api.spotify.com/v1/albums/73wnThE4TNKMDdPTTSBTsM",
                    "id": "73wnThE4TNKMDdPTTSBTsM",
                    "images": [
                        {
                            "height": 640,
                            "url": "https://i.scdn.co/image/ab67616d0000b273c5d340e8799d3ede8f1377cc",
                            "width": 640
                        },
                        {
                            "height": 300,
                            "url": "https://i.scdn.co/image/ab67616d00001e02c5d340e8799d3ede8f1377cc",
                            "width": 300
                        },
                        {
                            "height": 64,
                            "url": "https://i.scdn.co/image/ab67616d00004851c5d340e8799d3ede8f1377cc",
                            "width": 64
                        }
                    ],
                    "name": "Nayan",
                    "release_date": "2020-12-08",
                    "release_date_precision": "day",
                    "total_tracks": 1,
                    "type": "album",
                    "uri": "spotify:album:73wnThE4TNKMDdPTTSBTsM"
                },
                "artists": [
                    {
                        "external_urls": {
                            "spotify": "https://open.spotify.com/artist/1OPqAyxsQc8mcRmoNBAnVk"
                        },
                        "href": "https://api.spotify.com/v1/artists/1OPqAyxsQc8mcRmoNBAnVk",
                        "id": "1OPqAyxsQc8mcRmoNBAnVk",
                        "name": "Dhvani Bhanushali",
                        "type": "artist",
                        "uri": "spotify:artist:1OPqAyxsQc8mcRmoNBAnVk"
                    },
                    {
                        "external_urls": {
                            "spotify": "https://open.spotify.com/artist/1tqysapcCh1lWEAc9dIFpa"
                        },
                        "href": "https://api.spotify.com/v1/artists/1tqysapcCh1lWEAc9dIFpa",
                        "id": "1tqysapcCh1lWEAc9dIFpa",
                        "name": "Jubin Nautiyal",
                        "type": "artist",
                        "uri": "spotify:artist:1tqysapcCh1lWEAc9dIFpa"
                    },
                    {
                        "external_urls": {
                            "spotify": "https://open.spotify.com/artist/5TNSXFCNwlq2CfiMcNOCDP"
                        },
                        "href": "https://api.spotify.com/v1/artists/5TNSXFCNwlq2CfiMcNOCDP",
                        "id": "5TNSXFCNwlq2CfiMcNOCDP",
                        "name": "Lijo George-Dj Chetas",
                        "type": "artist",
                        "uri": "spotify:artist:5TNSXFCNwlq2CfiMcNOCDP"
                    }
                ],
                "available_markets": [
                    "AD",
                    "AE",
                    "AG",
                    "AL",
                    "AM",
                    "AO",
                    "AR",
                    "AT",
                    "AU",
                    "AZ",
                    "BA",
                    "BB",
                    "BD",
                    "BE",
                    "BF",
                    "BG",
                    "BH",
                    "BI",
                    "BJ",
                    "BN",
                    "BO",
                    "BR",
                    "BS",
                    "BT",
                    "BW",
                    "BY",
                    "BZ",
                    "CA",
                    "CH",
                    "CI",
                    "CL",
                    "CM",
                    "CO",
                    "CR",
                    "CV",
                    "CW",
                    "CY",
                    "CZ",
                    "DE",
                    "DJ",
                    "DK",
                    "DM",
                    "DO",
                    "DZ",
                    "EC",
                    "EE",
                    "EG",
                    "ES",
                    "FI",
                    "FJ",
                    "FM",
                    "FR",
                    "GA",
                    "GB",
                    "GD",
                    "GE",
                    "GH",
                    "GM",
                    "GN",
                    "GQ",
                    "GR",
                    "GT",
                    "GW",
                    "GY",
                    "HK",
                    "HN",
                    "HR",
                    "HT",
                    "HU",
                    "ID",
                    "IE",
                    "IL",
                    "IN",
                    "IS",
                    "IT",
                    "JM",
                    "JO",
                    "JP",
                    "KE",
                    "KG",
                    "KH",
                    "KI",
                    "KM",
                    "KN",
                    "KR",
                    "KW",
                    "KZ",
                    "LA",
                    "LB",
                    "LC",
                    "LI",
                    "LK",
                    "LR",
                    "LS",
                    "LT",
                    "LU",
                    "LV",
                    "MA",
                    "MC",
                    "MD",
                    "ME",
                    "MG",
                    "MH",
                    "MK",
                    "ML",
                    "MN",
                    "MO",
                    "MR",
                    "MT",
                    "MU",
                    "MV",
                    "MW",
                    "MX",
                    "MY",
                    "MZ",
                    "NA",
                    "NE",
                    "NG",
                    "NI",
                    "NL",
                    "NO",
                    "NP",
                    "NR",
                    "NZ",
                    "OM",
                    "PA",
                    "PE",
                    "PG",
                    "PH",
                    "PK",
                    "PL",
                    "PS",
                    "PT",
                    "PW",
                    "PY",
                    "QA",
                    "RO",
                    "RS",
                    "RU",
                    "RW",
                    "SA",
                    "SB",
                    "SC",
                    "SE",
                    "SG",
                    "SI",
                    "SK",
                    "SL",
                    "SM",
                    "SN",
                    "SR",
                    "ST",
                    "SV",
                    "SZ",
                    "TD",
                    "TG",
                    "TH",
                    "TL",
                    "TN",
                    "TO",
                    "TR",
                    "TT",
                    "TV",
                    "TW",
                    "TZ",
                    "UA",
                    "UG",
                    "US",
                    "UY",
                    "UZ",
                    "VC",
                    "VN",
                    "VU",
                    "WS",
                    "XK",
                    "ZA",
                    "ZM",
                    "ZW"
                ],
[...]
                        "CO",
                        "CR",
                        "CV",
                        "CW",
                        "CY",
                        "CZ",
                        "DE",
                        "DJ",
                        "DK",
                        "DM",
                        "DO",
                        "DZ",
                        "EC",
                        "EE",
                        "EG",
                        "ES",
                        "FI",
                        "FJ",
                        "FM",
                        "FR",
                        "GA",
                        "GB",
                        "GD",
                        "GE",
                        "GH",
                        "GM",
                        "GN",
                        "GQ",
                        "GR",
                        "GT",
                        "GW",
                        "GY",
                        "HK",
                        "HN",
                        "HR",
                        "HT",
                        "HU",
                        "ID",
                        "IE",
                        "IL",
                        "IN",
                        "IS",
                        "IT",
                        "JM",
                        "JO",
                        "JP",
                        "KE",
                        "KG",
                        "KH",
                        "KI",
                        "KM",
                        "KN",
                        "KR",
                        "KW",
                        "KZ",
                        "LA",
                        "LB",
                        "LC",
                        "LI",
                        "LK",
                        "LR",
                        "LS",
                        "LT",
                        "LU",
                        "LV",
                        "MA",
                        "MC",
                        "MD",
                        "ME",
                        "MG",
                        "MH",
                        "MK",
                        "ML",
                        "MN",
                        "MO",
                        "MR",
                        "MT",
                        "MU",
                        "MV",
                        "MW",
                        "MX",
                        "MY",
                        "MZ",
                        "NA",
                        "NE",
                        "NG",
                        "NI",
                        "NL",
                        "NO",
                        "NP",
                        "NR",
                        "NZ",
                        "OM",
                        "PA",
                        "PE",
                        "PG",
                        "PH",
                        "PK",
                        "PL",
                        "PS",
                        "PT",
                        "PW",
                        "PY",
                        "QA",
                        "RO",
                        "RS",
                        "RU",
                        "RW",
                        "SA",
                        "SB",
                        "SC",
                        "SE",
                        "SG",
                        "SI",
                        "SK",
                        "SL",
                        "SM",
                        "SN",
                        "SR",
                        "ST",
                        "SV",
                        "SZ",
                        "TD",
                        "TG",
                        "TH",
                        "TL",
                        "TN",
                        "TO",
                        "TR",
                        "TT",
                        "TV",
                        "TW",
                        "TZ",
                        "UA",
                        "UG",
                        "US",
                        "UY",
                        "UZ",
                        "VC",
                        "VN",
                        "VU",
                        "WS",
                        "XK",
                        "ZA",
                        "ZM",
                        "ZW"
                    ],
                    "external_urls": {
                        "spotify": "https://open.spotify.com/album/55lZbgtwpfxnNO0ktC07np"
                    },
                    "href": "https://api.spotify.com/v1/albums/55lZbgtwpfxnNO0ktC07np",
                    "id": "55lZbgtwpfxnNO0ktC07np",
                    "images": [
                        {
                            "height": 640,
                            "url": "https://i.scdn.co/image/ab67616d0000b273e814d81595212f2fbcf9c3d8",
                            "width": 640
                        },
                        {
                            "height": 300,
                            "url": "https://i.scdn.co/image/ab67616d00001e02e814d81595212f2fbcf9c3d8",
                            "width": 300
                        },
                        {
                            "height": 64,
                            "url": "https://i.scdn.co/image/ab67616d00004851e814d81595212f2fbcf9c3d8",
                            "width": 64
                        }
                    ],
                    "name": "Dil Chahte Ho",
                    "release_date": "2020-08-27",
                    "release_date_precision": "day",
                    "total_tracks": 1,
                    "type": "album",
                    "uri": "spotify:album:55lZbgtwpfxnNO0ktC07np"
                },
                "artists": [
                    {
                        "external_urls": {
                            "spotify": "https://open.spotify.com/artist/1tqysapcCh1lWEAc9dIFpa"
                        },
                        "href": "https://api.spotify.com/v1/artists/1tqysapcCh1lWEAc9dIFpa",
                        "id": "1tqysapcCh1lWEAc9dIFpa",
                        "name": "Jubin Nautiyal",
                        "type": "artist",
                        "uri": "spotify:artist:1tqysapcCh1lWEAc9dIFpa"
                    },
                    {
                        "external_urls": {
                            "spotify": "https://open.spotify.com/artist/6FtZhorjCMfkaVJ7kKdmq7"
                        },
                        "href": "https://api.spotify.com/v1/artists/6FtZhorjCMfkaVJ7kKdmq7",
                        "id": "6FtZhorjCMfkaVJ7kKdmq7",
                        "name": "Payal Dev",
                        "type": "artist",
                        "uri": "spotify:artist:6FtZhorjCMfkaVJ7kKdmq7"
                    }
                ],
                "available_markets": [
                    "AD",
                    "AE",
                    "AG",
                    "AL",
                    "AM",
                    "AO",
                    "AR",
                    "AT",
                    "AU",
                    "AZ",
                    "BA",
                    "BB",
                    "BD",
                    "BE",
                    "BF",
                    "BG",
                    "BH",
                    "BI",
                    "BJ",
                    "BN",
                    "BO",
                    "BR",
                    "BS",
                    "BT",
                    "BW",
                    "BY",
                    "BZ",
                    "CA",
                    "CH",
                    "CI",
                    "CL",
                    "CM",
                    "CO",
                    "CR",
                    "CV",
                    "CW",
                    "CY",
                    "CZ",
                    "DE",
                    "DJ",
                    "DK",
                    "DM",
                    "DO",
                    "DZ",
                    "EC",
                    "EE",
                    "EG",
                    "ES",
                    "FI",
                    "FJ",
                    "FM",
                    "FR",
                    "GA",
                    "GB",
                    "GD",
                    "GE",
                    "GH",
                    "GM",
                    "GN",
                    "GQ",
                    "GR",
                    "GT",
                    "GW",
                    "GY",
                    "HK",
                    "HN",
                    "HR",
                    "HT",
                    "HU",
                    "ID",
                    "IE",
                    "IL",
                    "IN",
                    "IS",
                    "IT",
                    "JM",
                    "JO",
                    "JP",
                    "KE",
                    "KG",
                    "KH",
                    "KI",
                    "KM",
                    "KN",
                    "KR",
                    "KW",
                    "KZ",
                    "LA",
                    "LB",
                    "LC",
                    "LI",
                    "LK",
                    "LR",
                    "LS",
                    "LT",
                    "LU",
                    "LV",
                    "MA",
                    "MC",
                    "MD",
                    "ME",
                    "MG",
                    "MH",
                    "MK",
                    "ML",
                    "MN",
                    "MO",
                    "MR",
                    "MT",
                    "MU",
                    "MV",
                    "MW",
                    "MX",
                    "MY",
                    "MZ",
                    "NA",
                    "NE",
                    "NG",
                    "NI",
                    "NL",
                    "NO",
                    "NP",
                    "NR",
                    "NZ",
                    "OM",
                    "PA",
                    "PE",
                    "PG",
                    "PH",
                    "PK",
                    "PL",
                    "PS",
                    "PT",
                    "PW",
                    "PY",
                    "QA",
                    "RO",
                    "RS",
                    "RU",
                    "RW",
                    "SA",
                    "SB",
                    "SC",
                    "SE",
                    "SG",
                    "SI",
                    "SK",
                    "SL",
                    "SM",
                    "SN",
                    "SR",
                    "ST",
                    "SV",
                    "SZ",
                    "TD",
                    "TG",
                    "TH",
                    "TL",
                    "TN",
                    "TO",
                    "TR",
                    "TT",
                    "TV",
                    "TW",
                    "TZ",
                    "UA",
                    "UG",
                    "US",
                    "UY",
                    "UZ",
                    "VC",
                    "VN",
                    "VU",
                    "WS",
                    "XK",
                    "ZA",
                    "ZM",
                    "ZW"
                ],
                "disc_number": 1,
                "duration_ms": 252771,
                "explicit": false,
                "external_ids": {
                    "isrc": "INS182001640"
                },
                "external_urls": {
                    "spotify": "https://open.spotify.com/track/60dbY1IYizdQQVhC4QTyEc"
                },
                "href": "https://api.spotify.com/v1/tracks/60dbY1IYizdQQVhC4QTyEc",
                "id": "60dbY1IYizdQQVhC4QTyEc",
                "is_local": false,
                "name": "Dil Chahte Ho",
                "popularity": 57,
                "preview_url": "https://p.scdn.co/mp3-preview/25c3a2b090a6b6e749489ae2a3dfa3e397d93b3a?cid=774b29d4f13844c495f206cafdad9c86",
                "track_number": 1,
                "type": "track",
                "uri": "spotify:track:60dbY1IYizdQQVhC4QTyEc"
            }
        ],
        "limit": 20,
        "next": "https://api.spotify.com/v1/search?query=Jubin&type=track&offset=20&limit=20",
        "offset": 0,
        "previous": null,
        "total": 3105
    }
}
{
    "href": "https://api.spotify.com/v1/users/uclfdt3jie5b7vorl9472d5g5/playlists?offset=0&limit=20",
    "items": [
        {
            "collaborative": false,
            "description": "Bollywood songs",
            "external_urls": {
                "spotify": "https://open.spotify.com/playlist/6Nnx31FBnysgJ7lGoEjljG"
            },
            "href": "https://api.spotify.com/v1/playlists/6Nnx31FBnysgJ7lGoEjljG",
            "id": "6Nnx31FBnysgJ7lGoEjljG",
            "images": [
                
            ],
            "name": "Latest Bollywood Songs",
            "owner": {
                "display_name": "Samiksha",
                "external_urls": {
                    "spotify": "https://open.spotify.com/user/uclfdt3jie5b7vorl9472d5g5"
                },
                "href": "https://api.spotify.com/v1/users/uclfdt3jie5b7vorl9472d5g5",
                "id": "uclfdt3jie5b7vorl9472d5g5",
                "type": "user",
                "uri": "spotify:user:uclfdt3jie5b7vorl9472d5g5"
            },
            "primary_color": null,
            "public": false,
            "snapshot_id": "MixlMDYzYWVlZmU5MjM5ZTVhZTU0YjlhMGI3ZDI4NDVkMzlkMzU3OTJi",
            "tracks": {
                "href": "https://api.spotify.com/v1/playlists/6Nnx31FBnysgJ7lGoEjljG/tracks",
                "total": 0
            },
            "type": "playlist",
            "uri": "spotify:playlist:6Nnx31FBnysgJ7lGoEjljG"
        },
        {
            "collaborative": false,
            "description": "Bollywood songs",
            "external_urls": {
                "spotify": "https://open.spotify.com/playlist/47TefOC13lvS2Aqkqev8sT"
            },
            "href": "https://api.spotify.com/v1/playlists/47TefOC13lvS2Aqkqev8sT",
            "id": "47TefOC13lvS2Aqkqev8sT",
            "images": [
                
            ],
            "name": "Unpluged",
            "owner": {
                "display_name": "Samiksha",
                "external_urls": {
                    "spotify": "https://open.spotify.com/user/uclfdt3jie5b7vorl9472d5g5"
                },
                "href": "https://api.spotify.com/v1/users/uclfdt3jie5b7vorl9472d5g5",
                "id": "uclfdt3jie5b7vorl9472d5g5",
                "type": "user",
                "uri": "spotify:user:uclfdt3jie5b7vorl9472d5g5"
            },
            "primary_color": null,
            "public": false,
            "snapshot_id": "MiwzMWE5MDliMzczZjM5MTFmYmFhOGQ4ODVmNDVkZTRjZDNlOTk4ZTMz",
            "tracks": {
                "href": "https://api.spotify.com/v1/playlists/47TefOC13lvS2Aqkqev8sT/tracks",
                "total": 0
            },
            "type": "playlist",
            "uri": "spotify:playlist:47TefOC13lvS2Aqkqev8sT"
        },
        {
            "collaborative": false,
            "description": "Bollywood songs",
            "external_urls": {
                "spotify": "https://open.spotify.com/playlist/2sCsUG3ggnulQGeDMWpI5i"
            },
            "href": "https://api.spotify.com/v1/playlists/2sCsUG3ggnulQGeDMWpI5i",
            "id": "2sCsUG3ggnulQGeDMWpI5i",
            "images": [
                {
                    "height": 640,
                    "url": "https://i.scdn.co/image/ab67616d0000b2738634403946cb8f08b83e4c40",
                    "width": 640
                }
            ],
            "name": "MorningVibes",
            "owner": {
                "display_name": "Samiksha",
                "external_urls": {
                    "spotify": "https://open.spotify.com/user/uclfdt3jie5b7vorl9472d5g5"
                },
                "href": "https://api.spotify.com/v1/users/uclfdt3jie5b7vorl9472d5g5",
                "id": "uclfdt3jie5b7vorl9472d5g5",
                "type": "user",
                "uri": "spotify:user:uclfdt3jie5b7vorl9472d5g5"
            },
            "primary_color": null,
            "public": false,
            "snapshot_id": "MyxkYTNkYTJjYWU0MzBiMDdkZjM4MTU0YjYyMTE3NDRmNWQzN2U4Yzc0",
            "tracks": {
                "href": "https://api.spotify.com/v1/playlists/2sCsUG3ggnulQGeDMWpI5i/tracks",
                "total": 1
            },
            "type": "playlist",
            "uri": "spotify:playlist:2sCsUG3ggnulQGeDMWpI5i"
        },
        {
            "collaborative": false,
            "description": "New playlist description",
            "external_urls": {
                "spotify": "https://open.spotify.com/playlist/0Oc3VqN6SD3g2pRl376FQe"
            },
            "href": "https://api.spotify.com/v1/playlists/0Oc3VqN6SD3g2pRl376FQe",
            "id": "0Oc3VqN6SD3g2pRl376FQe",
            "images": [
                {
                    "height": 640,
                    "url": "https://i.scdn.co/image/ab67616d0000b273eaa6b4bfb5954ee5a5a8ce9e",
                    "width": 640
                }
            ],
            "name": "Bollywood",
            "owner": {
                "display_name": "Samiksha",
                "external_urls": {
                    "spotify": "https://open.spotify.com/user/uclfdt3jie5b7vorl9472d5g5"
                },
                "href": "https://api.spotify.com/v1/users/uclfdt3jie5b7vorl9472d5g5",
                "id": "uclfdt3jie5b7vorl9472d5g5",
                "type": "user",
                "uri": "spotify:user:uclfdt3jie5b7vorl9472d5g5"
            },
            "primary_color": null,
            "public": false,
            "snapshot_id": "Myw5NjkwZGEwYWMyYzAyYTIwODlhYzliOWNmMTVlM2ZhYjAxN2UxMmQz",
            "tracks": {
                "href": "https://api.spotify.com/v1/playlists/0Oc3VqN6SD3g2pRl376FQe/tracks",
                "total": 1
            },
            "type": "playlist",
            "uri": "spotify:playlist:0Oc3VqN6SD3g2pRl376FQe"
        },
        {
            "collaborative": false,
            "description": "",
            "external_urls": {
                "spotify": "https://open.spotify.com/playlist/71B4oWrF0SjneWcA7ZxDVE"
            },
            "href": "https://api.spotify.com/v1/playlists/71B4oWrF0SjneWcA7ZxDVE",
            "id": "71B4oWrF0SjneWcA7ZxDVE",
            "images": [
                
            ],
            "name": "Favourite",
            "owner": {
                "display_name": "Samiksha",
                "external_urls": {
                    "spotify": "https://open.spotify.com/user/uclfdt3jie5b7vorl9472d5g5"
                },
                "href": "https://api.spotify.com/v1/users/uclfdt3jie5b7vorl9472d5g5",
                "id": "uclfdt3jie5b7vorl9472d5g5",
                "type": "user",
                "uri": "spotify:user:uclfdt3jie5b7vorl9472d5g5"
            },
            "primary_color": null,
            "public": false,
            "snapshot_id": "Miw4ZTNkYjM5ODViNWMyZWQ1MzFiY2IxYzkzMGQ1MmQ4NGJiODc4NTEx",
            "tracks": {
                "href": "https://api.spotify.com/v1/playlists/71B4oWrF0SjneWcA7ZxDVE/tracks",
                "total": 0
            },
            "type": "playlist",
            "uri": "spotify:playlist:71B4oWrF0SjneWcA7ZxDVE"
        }
    ],
    "limit": 20,
    "next": null,
    "offset": 0,
    "previous": null,
    "total": 5
}
Playlist : Latest Bollywood Songs
Playlist : Unpluged
Playlist : MorningVibes
Playlist : Bollywood
Playlist : Favourite
]]></system-out>
  <system-err><![CDATA[]]></system-err>
</testsuite>
